<?xml version="1.0" encoding="UTF-8"?>
<!-- Generated by org.testng.reporters.JUnitReportReporter -->
<testsuite skipped="0" hostname="Rajesh" name="com.initbanking.testcases.TC_AddCustomerTest_003" tests="1" failures="0" timestamp="2021-08-04T10:20:08 IST" time="20.303" errors="0">
  <testcase name="addNewCustomer" time="20.303" classname="com.initbanking.testcases.TC_AddCustomerTest_003"/>
  <system-out/>
</testsuite> <!-- com.initbanking.testcases.TC_AddCustomerTest_003 -->
