<?xml version="1.0" encoding="UTF-8"?>
<!-- Generated by org.testng.reporters.JUnitReportReporter -->
<testsuite skipped="0" hostname="Rajesh" name="com.initbanking.testcases.TC_LoginTest_001" tests="1" failures="0" timestamp="2021-08-05T14:54:01 IST" time="1.475" errors="0">
  <testcase name="loginTest" time="1.475" classname="com.initbanking.testcases.TC_LoginTest_001"/>
  <system-out/>
</testsuite> <!-- com.initbanking.testcases.TC_LoginTest_001 -->
